# JRE version: OpenJDK Runtime Environment (11.0.11+9) (build 11.0.11+9-b60-7590822)
# Java VM: OpenJDK 64-Bit Server VM (11.0.11+9-b60-7590822, mixed mode, tiered, compressed oops, g1 gc, windows-amd64)
Heap:
 garbage-first heap   total 129024K, used 34947K [0x0000000080000000, 0x0000000100000000)
  region size 1024K, 12 young (12288K), 6 survivors (6144K)
 Metaspace       used 43679K, capacity 44747K, committed 44876K, reserved 1087488K
  class space    used 5583K, capacity 5979K, committed 6016K, reserved 1048576K
GC Heap History (18 events):
Event: 1.823 GC heap before
{Heap before GC invocations=0 (full 0):
 garbage-first heap   total 129024K, used 29696K [0x0000000080000000, 0x0000000100000000)
  region size 1024K, 24 young (24576K), 0 survivors (0K)
 Metaspace       used 10265K, capacity 10487K, committed 10624K, reserved 1058816K
  class space    used 1072K, capacity 1141K, committed 1152K, reserved 1048576K
}
Event: 1.833 GC heap after
{Heap after GC invocations=1 (full 0):
 garbage-first heap   total 129024K, used 9356K [0x0000000080000000, 0x0000000100000000)
  region size 1024K, 3 young (3072K), 3 survivors (3072K)
 Metaspace       used 10265K, capacity 10487K, committed 10624K, reserved 1058816K
  class space    used 1072K, capacity 1141K, committed 1152K, reserved 1048576K
}
Event: 2.633 GC heap before
{Heap before GC invocations=1 (full 0):
 garbage-first heap   total 129024K, used 31884K [0x0000000080000000, 0x0000000100000000)
  region size 1024K, 25 young (25600K), 3 survivors (3072K)
 Metaspace       used 11208K, capacity 11442K, committed 11520K, reserved 1058816K
  class space    used 1174K, capacity 1246K, committed 1280K, reserved 1048576K
}
Event: 2.638 GC heap after
{Heap after GC invocations=2 (full 0):
 garbage-first heap   total 129024K, used 10144K [0x0000000080000000, 0x0000000100000000)
  region size 1024K, 1 young (1024K), 1 survivors (1024K)
 Metaspace       used 11208K, capacity 11442K, committed 11520K, reserved 1058816K
  class space    used 1174K, capacity 1246K, committed 1280K, reserved 1048576K
}
Event: 5.433 GC heap before
{Heap before GC invocations=2 (full 0):
 garbage-first heap   total 129024K, used 62368K [0x0000000080000000, 0x0000000100000000)
  region size 1024K, 52 young (53248K), 1 survivors (1024K)
 Metaspace       used 17937K, capacity 18349K, committed 18432K, reserved 1064960K
  class space    used 2138K, capacity 2253K, committed 2304K, reserved 1048576K
}
Event: 5.439 GC heap after
{Heap after GC invocations=3 (full 0):
 garbage-first heap   total 129024K, used 16553K [0x0000000080000000, 0x0000000100000000)
  region size 1024K, 7 young (7168K), 7 survivors (7168K)
 Metaspace       used 17937K, capacity 18349K, committed 18432K, reserved 1064960K
  class space    used 2138K, capacity 2253K, committed 2304K, reserved 1048576K
}
Event: 6.370 GC heap before
{Heap before GC invocations=3 (full 0):
 garbage-first heap   total 129024K, used 39081K [0x0000000080000000, 0x0000000100000000)
  region size 1024K, 30 young (30720K), 7 survivors (7168K)
 Metaspace       used 20716K, capacity 21081K, committed 21248K, reserved 1067008K
  class space    used 2544K, capacity 2695K, committed 2816K, reserved 1048576K
}
Event: 6.379 GC heap after
{Heap after GC invocations=4 (full 0):
 garbage-first heap   total 129024K, used 17937K [0x0000000080000000, 0x0000000100000000)
  region size 1024K, 1 young (1024K), 1 survivors (1024K)
 Metaspace       used 20716K, capacity 21081K, committed 21248K, reserved 1067008K
  class space    used 2544K, capacity 2695K, committed 2816K, reserved 1048576K
}
Event: 9.531 GC heap before
{Heap before GC invocations=5 (full 0):
 garbage-first heap   total 129024K, used 69137K [0x0000000080000000, 0x0000000100000000)
  region size 1024K, 51 young (52224K), 1 survivors (1024K)
 Metaspace       used 26130K, capacity 26700K, committed 27008K, reserved 1073152K
  class space    used 3410K, capacity 3617K, committed 3712K, reserved 1048576K
}
Event: 9.535 GC heap after
{Heap after GC invocations=6 (full 0):
 garbage-first heap   total 129024K, used 19764K [0x0000000080000000, 0x0000000100000000)
  region size 1024K, 3 young (3072K), 3 survivors (3072K)
 Metaspace       used 26130K, capacity 26700K, committed 27008K, reserved 1073152K
  class space    used 3410K, capacity 3617K, committed 3712K, reserved 1048576K
}
Event: 10.587 GC heap before
{Heap before GC invocations=6 (full 0):
 garbage-first heap   total 129024K, used 74036K [0x0000000080000000, 0x0000000100000000)
  region size 1024K, 56 young (57344K), 3 survivors (3072K)
 Metaspace       used 34353K, capacity 35118K, committed 35328K, reserved 1079296K
  class space    used 4467K, capacity 4767K, committed 4864K, reserved 1048576K
}
Event: 10.593 GC heap after
{Heap after GC invocations=7 (full 0):
 garbage-first heap   total 129024K, used 22895K [0x0000000080000000, 0x0000000100000000)
  region size 1024K, 6 young (6144K), 6 survivors (6144K)
 Metaspace       used 34353K, capacity 35118K, committed 35328K, reserved 1079296K
  class space    used 4467K, capacity 4767K, committed 4864K, reserved 1048576K
}
Event: 10.695 GC heap before
{Heap before GC invocations=7 (full 0):
 garbage-first heap   total 129024K, used 26991K [0x0000000080000000, 0x0000000100000000)
  region size 1024K, 11 young (11264K), 6 survivors (6144K)
 Metaspace       used 35048K, capacity 35786K, committed 35840K, reserved 1081344K
  class space    used 4560K, capacity 4863K, committed 4864K, reserved 1048576K
}
Event: 10.704 GC heap after
{Heap after GC invocations=8 (full 0):
 garbage-first heap   total 129024K, used 23762K [0x0000000080000000, 0x0000000100000000)
  region size 1024K, 4 young (4096K), 4 survivors (4096K)
 Metaspace       used 35048K, capacity 35786K, committed 35840K, reserved 1081344K
  class space    used 4560K, capacity 4863K, committed 4864K, reserved 1048576K
}
Event: 11.518 GC heap before
{Heap before GC invocations=9 (full 0):
 garbage-first heap   total 129024K, used 73938K [0x0000000080000000, 0x0000000100000000)
  region size 1024K, 51 young (52224K), 4 survivors (4096K)
 Metaspace       used 38699K, capacity 39580K, committed 39884K, reserved 1083392K
  class space    used 4947K, capacity 5313K, committed 5376K, reserved 1048576K
}
Event: 11.525 GC heap after
{Heap after GC invocations=10 (full 0):
 garbage-first heap   total 129024K, used 27359K [0x0000000080000000, 0x0000000100000000)
  region size 1024K, 7 young (7168K), 7 survivors (7168K)
 Metaspace       used 38699K, capacity 39580K, committed 39884K, reserved 1083392K
  class space    used 4947K, capacity 5313K, committed 5376K, reserved 1048576K
}
Event: 12.868 GC heap before
{Heap before GC invocations=10 (full 0):
 garbage-first heap   total 129024K, used 77535K [0x0000000080000000, 0x0000000100000000)
  region size 1024K, 56 young (57344K), 7 survivors (7168K)
 Metaspace       used 43286K, capacity 44250K, committed 44492K, reserved 1087488K
  class space    used 5509K, capacity 5877K, committed 5888K, reserved 1048576K
}
Event: 12.878 GC heap after
{Heap after GC invocations=11 (full 0):
 garbage-first heap   total 129024K, used 29827K [0x0000000080000000, 0x0000000100000000)
  region size 1024K, 6 young (6144K), 6 survivors (6144K)
 Metaspace       used 43286K, capacity 44250K, committed 44492K, reserved 1087488K
  class space    used 5509K, capacity 5877K, committed 5888K, reserved 1048576K
}

